{"name": "test counter all time increment if add order", "status": "broken", "statusDetails": {"message": "selenium.common.exceptions.TimeoutException: Message: \nStacktrace:\nRemoteError@chrome://remote/content/shared/RemoteError.sys.mjs:8:8\nWebDriverError@chrome://remote/content/shared/webdriver/Errors.sys.mjs:193:5\nNoSuchElementError@chrome://remote/content/shared/webdriver/Errors.sys.mjs:511:5\ndom.find/</<@chrome://remote/content/shared/DOM.sys.mjs:136:16", "trace": "self = <test_order_list.TestOrderList object at 0x04A40EB0>, login_user = <selenium.webdriver.firefox.webdriver.WebDriver (session=\"ee1fb80c-bb63-4a47-aea9-1d1b0eb46622\")>\ncounter = ('xpath', '//p[contains(text(), \"за сегодня\")]/parent::div/p[contains(@class, \"Order\")]')\n\n    @allure.title('test counter all time increment if add order')\n    @pytest.mark.parametrize('counter', [\n        OrderListPage.all_time_counter,\n        OrderListPage.today_counter\n    ])\n    def test_counter_all_time_increment_if_add_order(self, login_user, counter):\n        driver = login_user\n        order_list_page = OrderListPage(driver)\n        order_list_page.open_page()\n        count_before = order_list_page.get_value(counter)\n        home_page = HomePage(driver)\n        home_page.open_page()\n>       home_page.create_new_order()\n\ntests\\test_order_list.py:45: \n_ _ _ _ _ _ _ _ _ _ _ _ _ _ _ _ _ _ _ _ _ _ _ _ _ _ _ _ _ _ _ _ _ _ _ _ _ _ _ _ _ _ _ _ _ _ _ _ _ _ _ _ _ _ _ _ _ _ _ _ _ _ _ _ _ _ _ _ _ _ _ _ _ _ _ _ _ _ _ _ _ _ _ _ _ _ _ _ _ _\npages\\home_page.py:89: in create_new_order\n    self.wait_on_off_load_animation()\npages\\home_page.py:82: in wait_on_off_load_animation\n    self.wait_element(HomePage.loading_animation)\npages\\base_page.py:22: in wait_element\n    WebDriverWait(self.driver, 10).until(\n_ _ _ _ _ _ _ _ _ _ _ _ _ _ _ _ _ _ _ _ _ _ _ _ _ _ _ _ _ _ _ _ _ _ _ _ _ _ _ _ _ _ _ _ _ _ _ _ _ _ _ _ _ _ _ _ _ _ _ _ _ _ _ _ _ _ _ _ _ _ _ _ _ _ _ _ _ _ _ _ _ _ _ _ _ _ _ _ _ _\n\nself = <selenium.webdriver.support.wait.WebDriverWait (session=\"ee1fb80c-bb63-4a47-aea9-1d1b0eb46622\")>\nmethod = <function visibility_of_element_located.<locals>._predicate at 0x015FFAC8>, message = ''\n\n    def until(self, method: Callable[[D], Union[Literal[False], T]], message: str = \"\") -> T:\n        \"\"\"Calls the method provided with the driver as an argument until the \\\n        return value does not evaluate to ``False``.\n    \n        :param method: callable(WebDriver)\n        :param message: optional message for :exc:`TimeoutException`\n        :returns: the result of the last call to `method`\n        :raises: :exc:`selenium.common.exceptions.TimeoutException` if timeout occurs\n        \"\"\"\n        screen = None\n        stacktrace = None\n    \n        end_time = time.monotonic() + self._timeout\n        while True:\n            try:\n                value = method(self._driver)\n                if value:\n                    return value\n            except self._ignored_exceptions as exc:\n                screen = getattr(exc, \"screen\", None)\n                stacktrace = getattr(exc, \"stacktrace\", None)\n            time.sleep(self._poll)\n            if time.monotonic() > end_time:\n                break\n>       raise TimeoutException(message, screen, stacktrace)\nE       selenium.common.exceptions.TimeoutException: Message: \nE       Stacktrace:\nE       RemoteError@chrome://remote/content/shared/RemoteError.sys.mjs:8:8\nE       WebDriverError@chrome://remote/content/shared/webdriver/Errors.sys.mjs:193:5\nE       NoSuchElementError@chrome://remote/content/shared/webdriver/Errors.sys.mjs:511:5\nE       dom.find/</<@chrome://remote/content/shared/DOM.sys.mjs:136:16\n\nvenv\\Lib\\site-packages\\selenium\\webdriver\\support\\wait.py:105: TimeoutException"}, "steps": [{"name": "open page", "status": "passed", "start": 1730193510434, "stop": 1730193510632}, {"name": "open page", "status": "passed", "start": 1730193511674, "stop": 1730193511831}, {"name": "create new order", "status": "broken", "statusDetails": {"message": "selenium.common.exceptions.TimeoutException: Message: \nStacktrace:\nRemoteError@chrome://remote/content/shared/RemoteError.sys.mjs:8:8\nWebDriverError@chrome://remote/content/shared/webdriver/Errors.sys.mjs:193:5\nNoSuchElementError@chrome://remote/content/shared/webdriver/Errors.sys.mjs:511:5\ndom.find/</<@chrome://remote/content/shared/DOM.sys.mjs:136:16\n\n", "trace": "  File \"C:\\Diplom_3\\venv\\Lib\\site-packages\\allure_commons\\_allure.py\", line 192, in impl\n    return func(*a, **kw)\n           ^^^^^^^^^^^^^^\n  File \"C:\\Diplom_3\\pages\\home_page.py\", line 89, in create_new_order\n    self.wait_on_off_load_animation()\n  File \"C:\\Diplom_3\\venv\\Lib\\site-packages\\allure_commons\\_allure.py\", line 192, in impl\n    return func(*a, **kw)\n           ^^^^^^^^^^^^^^\n  File \"C:\\Diplom_3\\pages\\home_page.py\", line 82, in wait_on_off_load_animation\n    self.wait_element(HomePage.loading_animation)\n  File \"C:\\Diplom_3\\pages\\base_page.py\", line 22, in wait_element\n    WebDriverWait(self.driver, 10).until(\n  File \"C:\\Diplom_3\\venv\\Lib\\site-packages\\selenium\\webdriver\\support\\wait.py\", line 105, in until\n    raise TimeoutException(message, screen, stacktrace)\n"}, "steps": [{"name": "add ingredient in burger", "status": "passed", "parameters": [{"name": "el_xpath", "value": "('xpath', '//img[@alt=\"Краторная булка N-200i\"]')"}], "start": 1730193511832, "stop": 1730193512927}, {"name": "wait on off load animation", "status": "broken", "statusDetails": {"message": "selenium.common.exceptions.TimeoutException: Message: \nStacktrace:\nRemoteError@chrome://remote/content/shared/RemoteError.sys.mjs:8:8\nWebDriverError@chrome://remote/content/shared/webdriver/Errors.sys.mjs:193:5\nNoSuchElementError@chrome://remote/content/shared/webdriver/Errors.sys.mjs:511:5\ndom.find/</<@chrome://remote/content/shared/DOM.sys.mjs:136:16\n\n", "trace": "  File \"C:\\Diplom_3\\venv\\Lib\\site-packages\\allure_commons\\_allure.py\", line 192, in impl\n    return func(*a, **kw)\n           ^^^^^^^^^^^^^^\n  File \"C:\\Diplom_3\\pages\\home_page.py\", line 82, in wait_on_off_load_animation\n    self.wait_element(HomePage.loading_animation)\n  File \"C:\\Diplom_3\\pages\\base_page.py\", line 22, in wait_element\n    WebDriverWait(self.driver, 10).until(\n  File \"C:\\Diplom_3\\venv\\Lib\\site-packages\\selenium\\webdriver\\support\\wait.py\", line 105, in until\n    raise TimeoutException(message, screen, stacktrace)\n"}, "start": 1730193513234, "stop": 1730193523342}], "start": 1730193511831, "stop": 1730193523343}], "parameters": [{"name": "driver_factory", "value": "'Firefox'"}, {"name": "counter", "value": "('xpath', '//p[contains(text(), \"за сегодня\")]/parent::div/p[contains(@class, \"Order\")]')"}], "start": 1730193510433, "stop": 1730193523344, "uuid": "f21a65eb-9e66-4dcd-acf2-c93e95356155", "historyId": "7934a1f509b69bb9c00adefccf4f6767", "testCaseId": "0860aa3a66514524d01b0458a5fe4f53", "fullName": "tests.test_order_list.TestOrderList#test_counter_all_time_increment_if_add_order", "labels": [{"name": "suite", "value": "Test Order List"}, {"name": "parentSuite", "value": "tests"}, {"name": "subSuite", "value": "TestOrderList"}, {"name": "host", "value": "MM"}, {"name": "thread", "value": "9976-MainThread"}, {"name": "framework", "value": "pytest"}, {"name": "language", "value": "cpython3"}, {"name": "package", "value": "tests.test_order_list"}]}