{"name": "test counter all time increment if add order", "status": "failed", "statusDetails": {"message": "AssertionError: assert '593' > '593'", "trace": "self = <test_order_list.TestOrderList object at 0x000001387EBCBAD0>, login_user = <selenium.webdriver.firefox.webdriver.WebDriver (session=\"a51cc5bb-004e-4686-b7aa-e0144b8264f2\")>, counter = ('xpath', '//p[contains(text(), \"за сегодня\")]/parent::div/p[contains(@class, \"Order\")]')\n\n    @allure.title('test counter all time increment if add order')\n    @pytest.mark.parametrize('counter', [\n        OrderListPage.all_time_counter,\n        OrderListPage.today_counter\n    ])\n    def test_counter_all_time_increment_if_add_order(self, login_user, counter):\n        driver = login_user\n        order_list_page = OrderListPage(driver)\n        order_list_page.open_page()\n        count_before = order_list_page.get_value(counter)\n        home_page = HomePage(driver)\n        home_page.open_page()\n        home_page.create_new_order()\n        order_list_page.open_page()\n        count_after = order_list_page.get_value(counter)\n>       assert count_after > count_before\nE       AssertionError: assert '593' > '593'\n\ntests\\test_order_list.py:54: AssertionError"}, "steps": [{"name": "open page", "status": "passed", "start": 1730149005906, "stop": 1730149006212}, {"name": "open page", "status": "passed", "start": 1730149007275, "stop": 1730149007568}, {"name": "create new order", "status": "passed", "steps": [{"name": "add ingredient in burger", "status": "passed", "parameters": [{"name": "el_xpath", "value": "('xpath', '//img[@alt=\"Краторная булка N-200i\"]')"}], "start": 1730149007568, "stop": 1730149008697}, {"name": "wait on off load animation", "status": "passed", "start": 1730149009047, "stop": 1730149009616}], "start": 1730149007568, "stop": 1730149009989}, {"name": "open page", "status": "passed", "start": 1730149009990, "stop": 1730149010249}], "parameters": [{"name": "driver_factory", "value": "'Firefox'"}, {"name": "counter", "value": "('xpath', '//p[contains(text(), \"за сегодня\")]/parent::div/p[contains(@class, \"Order\")]')"}], "start": 1730149005906, "stop": 1730149011288, "uuid": "4d53f88f-d33b-41e1-84c1-f0216d8d3b1c", "historyId": "7934a1f509b69bb9c00adefccf4f6767", "testCaseId": "0860aa3a66514524d01b0458a5fe4f53", "fullName": "tests.test_order_list.TestOrderList#test_counter_all_time_increment_if_add_order", "labels": [{"name": "suite", "value": "Test Order List"}, {"name": "parentSuite", "value": "tests"}, {"name": "subSuite", "value": "TestOrderList"}, {"name": "host", "value": "rexfox"}, {"name": "thread", "value": "13648-MainThread"}, {"name": "framework", "value": "pytest"}, {"name": "language", "value": "cpython3"}, {"name": "package", "value": "tests.test_order_list"}]}