{"name": "test counter all time increment if add order", "status": "failed", "statusDetails": {"message": "AssertionError: assert '145579' > '145579'", "trace": "self = <test_order_list.TestOrderList object at 0x04A40DF0>, login_user = <selenium.webdriver.firefox.webdriver.WebDriver (session=\"674166d0-362b-46dc-9a34-1886d49eeae8\")>\ncounter = ('xpath', '//p[contains(text(), \"за все время\")]/parent::div/p[contains(@class, \"Order\")]')\n\n    @allure.title('test counter all time increment if add order')\n    @pytest.mark.parametrize('counter', [\n        OrderListPage.all_time_counter,\n        OrderListPage.today_counter\n    ])\n    def test_counter_all_time_increment_if_add_order(self, login_user, counter):\n        driver = login_user\n        order_list_page = OrderListPage(driver)\n        order_list_page.open_page()\n        count_before = order_list_page.get_value(counter)\n        home_page = HomePage(driver)\n        home_page.open_page()\n        home_page.create_new_order()\n        order_list_page.open_page()\n        count_after = order_list_page.get_value(counter)\n>       assert count_after > count_before\nE       AssertionError: assert '145579' > '145579'\n\ntests\\test_order_list.py:48: AssertionError"}, "steps": [{"name": "open page", "status": "passed", "start": 1730193484769, "stop": 1730193484982}, {"name": "open page", "status": "passed", "start": 1730193486017, "stop": 1730193486220}, {"name": "create new order", "status": "passed", "steps": [{"name": "add ingredient in burger", "status": "passed", "parameters": [{"name": "el_xpath", "value": "('xpath', '//img[@alt=\"Краторная булка N-200i\"]')"}], "start": 1730193486220, "stop": 1730193487301}, {"name": "wait on off load animation", "status": "passed", "start": 1730193487620, "stop": 1730193488155}], "start": 1730193486220, "stop": 1730193488489}, {"name": "open page", "status": "passed", "start": 1730193488489, "stop": 1730193488690}], "parameters": [{"name": "driver_factory", "value": "'Firefox'"}, {"name": "counter", "value": "('xpath', '//p[contains(text(), \"за все время\")]/parent::div/p[contains(@class, \"Order\")]')"}], "start": 1730193484769, "stop": 1730193489234, "uuid": "ef24ed4a-ff52-4e05-9015-b325b3366697", "historyId": "92ca9cbf4651a7ff63a912d6a856f748", "testCaseId": "0860aa3a66514524d01b0458a5fe4f53", "fullName": "tests.test_order_list.TestOrderList#test_counter_all_time_increment_if_add_order", "labels": [{"name": "suite", "value": "Test Order List"}, {"name": "parentSuite", "value": "tests"}, {"name": "subSuite", "value": "TestOrderList"}, {"name": "host", "value": "MM"}, {"name": "thread", "value": "9976-MainThread"}, {"name": "framework", "value": "pytest"}, {"name": "language", "value": "cpython3"}, {"name": "package", "value": "tests.test_order_list"}]}