{"name": "test_create_order_if_user_log_in[Chrome]", "status": "broken", "statusDetails": {"message": "selenium.common.exceptions.TimeoutException: Message: \nStacktrace:\n\tGetHandleVerifier [0x00E73853+24035]\n\t(No symbol) [0x00DFBBE4]\n\t(No symbol) [0x00CDC2D3]\n\t(No symbol) [0x00D1DC86]\n\t(No symbol) [0x00D1DECB]\n\t(No symbol) [0x00D5B9D2]\n\t(No symbol) [0x00D3FED4]\n\t(No symbol) [0x00D5953F]\n\t(No symbol) [0x00D3FC26]\n\t(No symbol) [0x00D1218C]\n\t(No symbol) [0x00D1310D]\n\tGetHandleVerifier [0x01119683+2800659]\n\tGetHandleVerifier [0x0117423E+3172302]\n\tGetHandleVerifier [0x0116CE52+3142626]\n\tGetHandleVerifier [0x00F16C00+692624]\n\t(No symbol) [0x00E04BFD]\n\t(No symbol) [0x00E01908]\n\t(No symbol) [0x00E01AA0]\n\t(No symbol) [0x00DF3F50]\n\tBaseThreadInitThunk [0x77587BA9+25]\n\tRtlInitializeExceptionChain [0x7776C0CB+107]\n\tRtlClearBits [0x7776C04F+191]", "trace": "driver_factory = <selenium.webdriver.chrome.webdriver.WebDriver (session=\"dca4026666e313838499e8277a61ac9d\")>\n\n    @pytest.fixture\n    def login_user(driver_factory):\n        user = new_user(driver_factory)\n        login_page = LoginPage(driver_factory)\n        login_page.open_page()\n        login_page.fill_field(login_page.field_email, user.email)\n        login_page.fill_field(login_page.field_pass, user.password)\n        login_page.ac_click_element(login_page.button_login)\n>       login_page.wait_element(HomePage.button_order)\n\nconftest.py:46: \n_ _ _ _ _ _ _ _ _ _ _ _ _ _ _ _ _ _ _ _ _ _ _ _ _ _ _ _ _ _ _ _ _ _ _ _ _ _ _ _ _ _ _ _ _ _ _ _ _ _ _ _ _ _ _ _ _ _ _ _ _ _ _ _ _ _ _ _ _ _ _ _ _ _ _ _ _ _ _ _ _ _ _ _ _ _ _ _ _ _ _ _ _ _ _ _ _ _ _ _ _\npages\\login_page.py:21: in wait_element\n    WebDriverWait(self.driver, 5).until(\n_ _ _ _ _ _ _ _ _ _ _ _ _ _ _ _ _ _ _ _ _ _ _ _ _ _ _ _ _ _ _ _ _ _ _ _ _ _ _ _ _ _ _ _ _ _ _ _ _ _ _ _ _ _ _ _ _ _ _ _ _ _ _ _ _ _ _ _ _ _ _ _ _ _ _ _ _ _ _ _ _ _ _ _ _ _ _ _ _ _ _ _ _ _ _ _ _ _ _ _ _\n\nself = <selenium.webdriver.support.wait.WebDriverWait (session=\"dca4026666e313838499e8277a61ac9d\")>, method = <function visibility_of_element_located.<locals>._predicate at 0x000001903811F880>\nmessage = ''\n\n    def until(self, method: Callable[[D], Union[Literal[False], T]], message: str = \"\") -> T:\n        \"\"\"Calls the method provided with the driver as an argument until the \\\n        return value does not evaluate to ``False``.\n    \n        :param method: callable(WebDriver)\n        :param message: optional message for :exc:`TimeoutException`\n        :returns: the result of the last call to `method`\n        :raises: :exc:`selenium.common.exceptions.TimeoutException` if timeout occurs\n        \"\"\"\n        screen = None\n        stacktrace = None\n    \n        end_time = time.monotonic() + self._timeout\n        while True:\n            try:\n                value = method(self._driver)\n                if value:\n                    return value\n            except self._ignored_exceptions as exc:\n                screen = getattr(exc, \"screen\", None)\n                stacktrace = getattr(exc, \"stacktrace\", None)\n            time.sleep(self._poll)\n            if time.monotonic() > end_time:\n                break\n>       raise TimeoutException(message, screen, stacktrace)\nE       selenium.common.exceptions.TimeoutException: Message: \nE       Stacktrace:\nE       \tGetHandleVerifier [0x00E73853+24035]\nE       \t(No symbol) [0x00DFBBE4]\nE       \t(No symbol) [0x00CDC2D3]\nE       \t(No symbol) [0x00D1DC86]\nE       \t(No symbol) [0x00D1DECB]\nE       \t(No symbol) [0x00D5B9D2]\nE       \t(No symbol) [0x00D3FED4]\nE       \t(No symbol) [0x00D5953F]\nE       \t(No symbol) [0x00D3FC26]\nE       \t(No symbol) [0x00D1218C]\nE       \t(No symbol) [0x00D1310D]\nE       \tGetHandleVerifier [0x01119683+2800659]\nE       \tGetHandleVerifier [0x0117423E+3172302]\nE       \tGetHandleVerifier [0x0116CE52+3142626]\nE       \tGetHandleVerifier [0x00F16C00+692624]\nE       \t(No symbol) [0x00E04BFD]\nE       \t(No symbol) [0x00E01908]\nE       \t(No symbol) [0x00E01AA0]\nE       \t(No symbol) [0x00DF3F50]\nE       \tBaseThreadInitThunk [0x77587BA9+25]\nE       \tRtlInitializeExceptionChain [0x7776C0CB+107]\nE       \tRtlClearBits [0x7776C04F+191]\n\n.venv\\Lib\\site-packages\\selenium\\webdriver\\support\\wait.py:105: TimeoutException"}, "parameters": [{"name": "driver_factory", "value": "'Chrome'"}], "start": 1729974332994, "stop": 1729974332995, "uuid": "3661f0d7-80cb-45ed-8de7-90f0ab92c723", "historyId": "3700221e046510ed2da4d482424c833c", "testCaseId": "d8b172157eaaf3de4e658e153571663e", "fullName": "tests.test_main_functions.TestMainFunctions#test_create_order_if_user_log_in", "labels": [{"name": "parentSuite", "value": "tests"}, {"name": "suite", "value": "test_main_functions"}, {"name": "subSuite", "value": "TestMainFunctions"}, {"name": "host", "value": "rexfox"}, {"name": "thread", "value": "5604-MainThread"}, {"name": "framework", "value": "pytest"}, {"name": "language", "value": "cpython3"}, {"name": "package", "value": "tests.test_main_functions"}]}